<?xml version="1.0" encoding="UTF-8"?>
<robot generator="Robot 7.1.1 (Python 3.11.5 on win32)" generated="2025-03-22T00:32:21.230107" rpa="false" schemaversion="5">
<suite id="s1" name="SauceDemoRobotFramework" source="C:\Users\user\PycharmProjects\SauceDemoRobotFramework">
<suite id="s1-s1" name="Tests" source="C:\Users\user\PycharmProjects\SauceDemoRobotFramework\tests">
<suite id="s1-s1-s1" name="SuccessfullLogin" source="C:\Users\user\PycharmProjects\SauceDemoRobotFramework\tests\SuccessfullLogin.robot">
<test id="s1-s1-s1-t1" name="one,standard_user" line="12">
<kw name="Open the page of Sauce demo" owner="Generic" type="SETUP">
<kw name="Create Webdriver" owner="SeleniumLibrary">
<msg time="2025-03-22T00:32:21.521894" level="INFO">Creating an instance of the Chrome WebDriver.</msg>
<arg>${browser_name}</arg>
<doc>Creates an instance of Selenium WebDriver.</doc>
<status status="PASS" start="2025-03-22T00:32:21.521894" elapsed="1.717120"/>
</kw>
<kw name="Go To" owner="SeleniumLibrary">
<msg time="2025-03-22T00:32:23.246525" level="INFO">Opening url 'https://www.saucedemo.com'</msg>
<arg>${url}</arg>
<doc>Navigates the current browser window to the provided ``url``.</doc>
<status status="PASS" start="2025-03-22T00:32:23.239014" elapsed="0.779347"/>
</kw>
<status status="PASS" start="2025-03-22T00:32:21.521894" elapsed="2.496467"/>
</kw>
<kw name="Validate Successful Login">
<kw name="Fill the login form" owner="Generic">
<kw name="Input Text" owner="SeleniumLibrary">
<msg time="2025-03-22T00:32:24.023171" level="INFO">Typing text 'standard_user' into text field 'user-name'.</msg>
<arg>user-name</arg>
<arg>${username}</arg>
<doc>Types the given ``text`` into the text field identified by ``locator``.</doc>
<status status="PASS" start="2025-03-22T00:32:24.021891" elapsed="0.175330"/>
</kw>
<kw name="Input Password" owner="SeleniumLibrary">
<msg time="2025-03-22T00:32:24.197221" level="INFO">Typing password into text field 'password'.</msg>
<msg time="2025-03-22T00:32:24.245032" level="INFO">Temporally setting log level to: NONE</msg>
<arg>password</arg>
<arg>${password}</arg>
<doc>Types the given password into the text field identified by ``locator``.</doc>
<status status="PASS" start="2025-03-22T00:32:24.197221" elapsed="0.110978"/>
</kw>
<arg>${valid-username}</arg>
<arg>${valid-password}</arg>
<status status="PASS" start="2025-03-22T00:32:24.021891" elapsed="0.286308"/>
</kw>
<kw name="Click Login Button" owner="Generic">
<kw name="Click Button" owner="SeleniumLibrary">
<msg time="2025-03-22T00:32:24.308199" level="INFO">Clicking button 'login-button'.</msg>
<arg>login-button</arg>
<doc>Clicks the button identified by ``locator``.</doc>
<status status="PASS" start="2025-03-22T00:32:24.308199" elapsed="0.147951"/>
</kw>
<status status="PASS" start="2025-03-22T00:32:24.308199" elapsed="0.147951"/>
</kw>
<kw name="Verify login is successful by switching to the home page" owner="LandingPage">
<kw name="Element Text Should Be" owner="SeleniumLibrary">
<msg time="2025-03-22T00:32:24.456150" level="INFO">Verifying element 'css:.title' contains exact text 'Products'.</msg>
<arg>css:.title</arg>
<arg>Products</arg>
<doc>Verifies that element ``locator`` contains exact the text ``expected``.</doc>
<status status="PASS" start="2025-03-22T00:32:24.456150" elapsed="0.035096"/>
</kw>
<status status="PASS" start="2025-03-22T00:32:24.456150" elapsed="0.035096"/>
</kw>
<kw name="Logout" owner="Generic">
<kw name="Click Button" owner="SeleniumLibrary">
<msg time="2025-03-22T00:32:24.494761" level="INFO">Clicking button 'id=react-burger-menu-btn'.</msg>
<arg>id=react-burger-menu-btn</arg>
<doc>Clicks the button identified by ``locator``.</doc>
<status status="PASS" start="2025-03-22T00:32:24.494761" elapsed="0.098327"/>
</kw>
<kw name="Wait Until Element Is Visible" owner="SeleniumLibrary">
<arg>id=logout_sidebar_link</arg>
<arg>timeout=5s</arg>
<doc>Waits until the element ``locator`` is visible.</doc>
<status status="PASS" start="2025-03-22T00:32:24.593088" elapsed="0.320546"/>
</kw>
<kw name="Click Element" owner="SeleniumLibrary">
<msg time="2025-03-22T00:32:24.913634" level="INFO">Clicking element 'id=logout_sidebar_link'.</msg>
<arg>id=logout_sidebar_link</arg>
<doc>Click the element identified by ``locator``.</doc>
<status status="PASS" start="2025-03-22T00:32:24.913634" elapsed="0.191975"/>
</kw>
<kw name="Wait Until Page Contains Element" owner="SeleniumLibrary">
<arg>id=login-button</arg>
<arg>timeout=5s</arg>
<doc>Waits until the element ``locator`` appears on the current page.</doc>
<status status="PASS" start="2025-03-22T00:32:25.105609" elapsed="0.018410"/>
</kw>
<status status="PASS" start="2025-03-22T00:32:24.494761" elapsed="0.629258"/>
</kw>
<status status="PASS" start="2025-03-22T00:32:24.020884" elapsed="1.103508"/>
</kw>
<kw name="Close Browser" owner="SeleniumLibrary" type="TEARDOWN">
<doc>Closes the current browser.</doc>
<status status="PASS" start="2025-03-22T00:32:25.125224" elapsed="2.192528"/>
</kw>
<status status="PASS" start="2025-03-22T00:32:21.521894" elapsed="5.795858"/>
</test>
<test id="s1-s1-s1-t2" name="two,visual_user" line="12">
<kw name="Open the page of Sauce demo" owner="Generic" type="SETUP">
<kw name="Create Webdriver" owner="SeleniumLibrary">
<msg time="2025-03-22T00:32:27.327781" level="INFO">Creating an instance of the Chrome WebDriver.</msg>
<arg>${browser_name}</arg>
<doc>Creates an instance of Selenium WebDriver.</doc>
<status status="PASS" start="2025-03-22T00:32:27.327781" elapsed="1.790689"/>
</kw>
<kw name="Go To" owner="SeleniumLibrary">
<msg time="2025-03-22T00:32:29.118470" level="INFO">Opening url 'https://www.saucedemo.com'</msg>
<arg>${url}</arg>
<doc>Navigates the current browser window to the provided ``url``.</doc>
<status status="PASS" start="2025-03-22T00:32:29.118470" elapsed="0.780857"/>
</kw>
<status status="PASS" start="2025-03-22T00:32:27.317752" elapsed="2.586150"/>
</kw>
<kw name="Validate Successful Login">
<kw name="Fill the login form" owner="Generic">
<kw name="Input Text" owner="SeleniumLibrary">
<msg time="2025-03-22T00:32:29.904732" level="INFO">Typing text 'standard_user' into text field 'user-name'.</msg>
<arg>user-name</arg>
<arg>${username}</arg>
<doc>Types the given ``text`` into the text field identified by ``locator``.</doc>
<status status="PASS" start="2025-03-22T00:32:29.904732" elapsed="0.138071"/>
</kw>
<kw name="Input Password" owner="SeleniumLibrary">
<msg time="2025-03-22T00:32:30.042803" level="INFO">Typing password into text field 'password'.</msg>
<msg time="2025-03-22T00:32:30.089181" level="INFO">Temporally setting log level to: NONE</msg>
<arg>password</arg>
<arg>${password}</arg>
<doc>Types the given password into the text field identified by ``locator``.</doc>
<status status="PASS" start="2025-03-22T00:32:30.042803" elapsed="0.113707"/>
</kw>
<arg>${valid-username}</arg>
<arg>${valid-password}</arg>
<status status="PASS" start="2025-03-22T00:32:29.904732" elapsed="0.251778"/>
</kw>
<kw name="Click Login Button" owner="Generic">
<kw name="Click Button" owner="SeleniumLibrary">
<msg time="2025-03-22T00:32:30.156510" level="INFO">Clicking button 'login-button'.</msg>
<arg>login-button</arg>
<doc>Clicks the button identified by ``locator``.</doc>
<status status="PASS" start="2025-03-22T00:32:30.156510" elapsed="0.177111"/>
</kw>
<status status="PASS" start="2025-03-22T00:32:30.156510" elapsed="0.177111"/>
</kw>
<kw name="Verify login is successful by switching to the home page" owner="LandingPage">
<kw name="Element Text Should Be" owner="SeleniumLibrary">
<msg time="2025-03-22T00:32:30.335419" level="INFO">Verifying element 'css:.title' contains exact text 'Products'.</msg>
<arg>css:.title</arg>
<arg>Products</arg>
<doc>Verifies that element ``locator`` contains exact the text ``expected``.</doc>
<status status="PASS" start="2025-03-22T00:32:30.335419" elapsed="0.036432"/>
</kw>
<status status="PASS" start="2025-03-22T00:32:30.334619" elapsed="0.037232"/>
</kw>
<kw name="Logout" owner="Generic">
<kw name="Click Button" owner="SeleniumLibrary">
<msg time="2025-03-22T00:32:30.371851" level="INFO">Clicking button 'id=react-burger-menu-btn'.</msg>
<arg>id=react-burger-menu-btn</arg>
<doc>Clicks the button identified by ``locator``.</doc>
<status status="PASS" start="2025-03-22T00:32:30.371851" elapsed="0.114554"/>
</kw>
<kw name="Wait Until Element Is Visible" owner="SeleniumLibrary">
<arg>id=logout_sidebar_link</arg>
<arg>timeout=5s</arg>
<doc>Waits until the element ``locator`` is visible.</doc>
<status status="PASS" start="2025-03-22T00:32:30.486901" elapsed="0.268227"/>
</kw>
<kw name="Click Element" owner="SeleniumLibrary">
<msg time="2025-03-22T00:32:30.755128" level="INFO">Clicking element 'id=logout_sidebar_link'.</msg>
<arg>id=logout_sidebar_link</arg>
<doc>Click the element identified by ``locator``.</doc>
<status status="PASS" start="2025-03-22T00:32:30.755128" elapsed="0.207548"/>
</kw>
<kw name="Wait Until Page Contains Element" owner="SeleniumLibrary">
<arg>id=login-button</arg>
<arg>timeout=5s</arg>
<doc>Waits until the element ``locator`` appears on the current page.</doc>
<status status="PASS" start="2025-03-22T00:32:30.962676" elapsed="0.018871"/>
</kw>
<status status="PASS" start="2025-03-22T00:32:30.371851" elapsed="0.609696"/>
</kw>
<status status="PASS" start="2025-03-22T00:32:29.904732" elapsed="1.076815"/>
</kw>
<kw name="Close Browser" owner="SeleniumLibrary" type="TEARDOWN">
<doc>Closes the current browser.</doc>
<status status="PASS" start="2025-03-22T00:32:30.982611" elapsed="2.167117"/>
</kw>
<status status="PASS" start="2025-03-22T00:32:27.317752" elapsed="5.831976"/>
</test>
<test id="s1-s1-s1-t3" name="three,error_user" line="12">
<kw name="Open the page of Sauce demo" owner="Generic" type="SETUP">
<kw name="Create Webdriver" owner="SeleniumLibrary">
<msg time="2025-03-22T00:32:33.159669" level="INFO">Creating an instance of the Chrome WebDriver.</msg>
<arg>${browser_name}</arg>
<doc>Creates an instance of Selenium WebDriver.</doc>
<status status="PASS" start="2025-03-22T00:32:33.159669" elapsed="1.837075"/>
</kw>
<kw name="Go To" owner="SeleniumLibrary">
<msg time="2025-03-22T00:32:34.996744" level="INFO">Opening url 'https://www.saucedemo.com'</msg>
<arg>${url}</arg>
<doc>Navigates the current browser window to the provided ``url``.</doc>
<status status="PASS" start="2025-03-22T00:32:34.996744" elapsed="0.749221"/>
</kw>
<status status="PASS" start="2025-03-22T00:32:33.159669" elapsed="2.586296"/>
</kw>
<kw name="Validate Successful Login">
<kw name="Fill the login form" owner="Generic">
<kw name="Input Text" owner="SeleniumLibrary">
<msg time="2025-03-22T00:32:35.745965" level="INFO">Typing text 'standard_user' into text field 'user-name'.</msg>
<arg>user-name</arg>
<arg>${username}</arg>
<doc>Types the given ``text`` into the text field identified by ``locator``.</doc>
<status status="PASS" start="2025-03-22T00:32:35.745965" elapsed="0.173286"/>
</kw>
<kw name="Input Password" owner="SeleniumLibrary">
<msg time="2025-03-22T00:32:35.919251" level="INFO">Typing password into text field 'password'.</msg>
<msg time="2025-03-22T00:32:35.968520" level="INFO">Temporally setting log level to: NONE</msg>
<arg>password</arg>
<arg>${password}</arg>
<doc>Types the given password into the text field identified by ``locator``.</doc>
<status status="PASS" start="2025-03-22T00:32:35.919251" elapsed="0.110040"/>
</kw>
<arg>${valid-username}</arg>
<arg>${valid-password}</arg>
<status status="PASS" start="2025-03-22T00:32:35.745965" elapsed="0.283326"/>
</kw>
<kw name="Click Login Button" owner="Generic">
<kw name="Click Button" owner="SeleniumLibrary">
<msg time="2025-03-22T00:32:36.029291" level="INFO">Clicking button 'login-button'.</msg>
<arg>login-button</arg>
<doc>Clicks the button identified by ``locator``.</doc>
<status status="PASS" start="2025-03-22T00:32:36.029291" elapsed="0.114057"/>
</kw>
<status status="PASS" start="2025-03-22T00:32:36.029291" elapsed="0.114057"/>
</kw>
<kw name="Verify login is successful by switching to the home page" owner="LandingPage">
<kw name="Element Text Should Be" owner="SeleniumLibrary">
<msg time="2025-03-22T00:32:36.150345" level="INFO">Verifying element 'css:.title' contains exact text 'Products'.</msg>
<arg>css:.title</arg>
<arg>Products</arg>
<doc>Verifies that element ``locator`` contains exact the text ``expected``.</doc>
<status status="PASS" start="2025-03-22T00:32:36.150345" elapsed="0.042531"/>
</kw>
<status status="PASS" start="2025-03-22T00:32:36.150345" elapsed="0.042531"/>
</kw>
<kw name="Logout" owner="Generic">
<kw name="Click Button" owner="SeleniumLibrary">
<msg time="2025-03-22T00:32:36.192876" level="INFO">Clicking button 'id=react-burger-menu-btn'.</msg>
<arg>id=react-burger-menu-btn</arg>
<doc>Clicks the button identified by ``locator``.</doc>
<status status="PASS" start="2025-03-22T00:32:36.192876" elapsed="0.102788"/>
</kw>
<kw name="Wait Until Element Is Visible" owner="SeleniumLibrary">
<arg>id=logout_sidebar_link</arg>
<arg>timeout=5s</arg>
<doc>Waits until the element ``locator`` is visible.</doc>
<status status="PASS" start="2025-03-22T00:32:36.295664" elapsed="0.252803"/>
</kw>
<kw name="Click Element" owner="SeleniumLibrary">
<msg time="2025-03-22T00:32:36.548467" level="INFO">Clicking element 'id=logout_sidebar_link'.</msg>
<arg>id=logout_sidebar_link</arg>
<doc>Click the element identified by ``locator``.</doc>
<status status="PASS" start="2025-03-22T00:32:36.548467" elapsed="0.137189"/>
</kw>
<kw name="Wait Until Page Contains Element" owner="SeleniumLibrary">
<arg>id=login-button</arg>
<arg>timeout=5s</arg>
<doc>Waits until the element ``locator`` appears on the current page.</doc>
<status status="PASS" start="2025-03-22T00:32:36.685656" elapsed="0.019400"/>
</kw>
<status status="PASS" start="2025-03-22T00:32:36.192876" elapsed="0.512180"/>
</kw>
<status status="PASS" start="2025-03-22T00:32:35.745965" elapsed="0.959091"/>
</kw>
<kw name="Close Browser" owner="SeleniumLibrary" type="TEARDOWN">
<doc>Closes the current browser.</doc>
<status status="PASS" start="2025-03-22T00:32:36.705056" elapsed="2.201999"/>
</kw>
<status status="PASS" start="2025-03-22T00:32:33.149728" elapsed="5.757327"/>
</test>
<test id="s1-s1-s1-t4" name="four,performance_glitch_user" line="12">
<kw name="Open the page of Sauce demo" owner="Generic" type="SETUP">
<kw name="Create Webdriver" owner="SeleniumLibrary">
<msg time="2025-03-22T00:32:38.907055" level="INFO">Creating an instance of the Chrome WebDriver.</msg>
<arg>${browser_name}</arg>
<doc>Creates an instance of Selenium WebDriver.</doc>
<status status="PASS" start="2025-03-22T00:32:38.907055" elapsed="1.917440"/>
</kw>
<kw name="Go To" owner="SeleniumLibrary">
<msg time="2025-03-22T00:32:40.824495" level="INFO">Opening url 'https://www.saucedemo.com'</msg>
<arg>${url}</arg>
<doc>Navigates the current browser window to the provided ``url``.</doc>
<status status="PASS" start="2025-03-22T00:32:40.824495" elapsed="0.787163"/>
</kw>
<status status="PASS" start="2025-03-22T00:32:38.907055" elapsed="2.706405"/>
</kw>
<kw name="Validate Successful Login">
<kw name="Fill the login form" owner="Generic">
<kw name="Input Text" owner="SeleniumLibrary">
<msg time="2025-03-22T00:32:41.614014" level="INFO">Typing text 'standard_user' into text field 'user-name'.</msg>
<arg>user-name</arg>
<arg>${username}</arg>
<doc>Types the given ``text`` into the text field identified by ``locator``.</doc>
<status status="PASS" start="2025-03-22T00:32:41.614014" elapsed="0.166937"/>
</kw>
<kw name="Input Password" owner="SeleniumLibrary">
<msg time="2025-03-22T00:32:41.780951" level="INFO">Typing password into text field 'password'.</msg>
<msg time="2025-03-22T00:32:41.830100" level="INFO">Temporally setting log level to: NONE</msg>
<arg>password</arg>
<arg>${password}</arg>
<doc>Types the given password into the text field identified by ``locator``.</doc>
<status status="PASS" start="2025-03-22T00:32:41.780951" elapsed="0.127941"/>
</kw>
<arg>${valid-username}</arg>
<arg>${valid-password}</arg>
<status status="PASS" start="2025-03-22T00:32:41.614014" elapsed="0.294878"/>
</kw>
<kw name="Click Login Button" owner="Generic">
<kw name="Click Button" owner="SeleniumLibrary">
<msg time="2025-03-22T00:32:41.911700" level="INFO">Clicking button 'login-button'.</msg>
<arg>login-button</arg>
<doc>Clicks the button identified by ``locator``.</doc>
<status status="PASS" start="2025-03-22T00:32:41.911700" elapsed="0.120960"/>
</kw>
<status status="PASS" start="2025-03-22T00:32:41.911700" elapsed="0.120960"/>
</kw>
<kw name="Verify login is successful by switching to the home page" owner="LandingPage">
<kw name="Element Text Should Be" owner="SeleniumLibrary">
<msg time="2025-03-22T00:32:42.032660" level="INFO">Verifying element 'css:.title' contains exact text 'Products'.</msg>
<arg>css:.title</arg>
<arg>Products</arg>
<doc>Verifies that element ``locator`` contains exact the text ``expected``.</doc>
<status status="PASS" start="2025-03-22T00:32:42.032660" elapsed="0.031880"/>
</kw>
<status status="PASS" start="2025-03-22T00:32:42.032660" elapsed="0.031880"/>
</kw>
<kw name="Logout" owner="Generic">
<kw name="Click Button" owner="SeleniumLibrary">
<msg time="2025-03-22T00:32:42.064540" level="INFO">Clicking button 'id=react-burger-menu-btn'.</msg>
<arg>id=react-burger-menu-btn</arg>
<doc>Clicks the button identified by ``locator``.</doc>
<status status="PASS" start="2025-03-22T00:32:42.064540" elapsed="0.115670"/>
</kw>
<kw name="Wait Until Element Is Visible" owner="SeleniumLibrary">
<arg>id=logout_sidebar_link</arg>
<arg>timeout=5s</arg>
<doc>Waits until the element ``locator`` is visible.</doc>
<status status="PASS" start="2025-03-22T00:32:42.180210" elapsed="0.291537"/>
</kw>
<kw name="Click Element" owner="SeleniumLibrary">
<msg time="2025-03-22T00:32:42.471747" level="INFO">Clicking element 'id=logout_sidebar_link'.</msg>
<arg>id=logout_sidebar_link</arg>
<doc>Click the element identified by ``locator``.</doc>
<status status="PASS" start="2025-03-22T00:32:42.471747" elapsed="0.262133"/>
</kw>
<kw name="Wait Until Page Contains Element" owner="SeleniumLibrary">
<arg>id=login-button</arg>
<arg>timeout=5s</arg>
<doc>Waits until the element ``locator`` appears on the current page.</doc>
<status status="PASS" start="2025-03-22T00:32:42.733880" elapsed="0.021991"/>
</kw>
<status status="PASS" start="2025-03-22T00:32:42.064540" elapsed="0.691331"/>
</kw>
<status status="PASS" start="2025-03-22T00:32:41.614014" elapsed="1.141857"/>
</kw>
<kw name="Close Browser" owner="SeleniumLibrary" type="TEARDOWN">
<doc>Closes the current browser.</doc>
<status status="PASS" start="2025-03-22T00:32:42.755871" elapsed="2.175097"/>
</kw>
<status status="PASS" start="2025-03-22T00:32:38.907055" elapsed="6.026057"/>
</test>
<test id="s1-s1-s1-t5" name="five,problem_user" line="12">
<kw name="Open the page of Sauce demo" owner="Generic" type="SETUP">
<kw name="Create Webdriver" owner="SeleniumLibrary">
<msg time="2025-03-22T00:32:44.941326" level="INFO">Creating an instance of the Chrome WebDriver.</msg>
<arg>${browser_name}</arg>
<doc>Creates an instance of Selenium WebDriver.</doc>
<status status="PASS" start="2025-03-22T00:32:44.941326" elapsed="1.554436"/>
</kw>
<kw name="Go To" owner="SeleniumLibrary">
<msg time="2025-03-22T00:32:46.495762" level="INFO">Opening url 'https://www.saucedemo.com'</msg>
<arg>${url}</arg>
<doc>Navigates the current browser window to the provided ``url``.</doc>
<status status="PASS" start="2025-03-22T00:32:46.495762" elapsed="0.846392"/>
</kw>
<status status="PASS" start="2025-03-22T00:32:44.941326" elapsed="2.400828"/>
</kw>
<kw name="Validate Successful Login">
<kw name="Fill the login form" owner="Generic">
<kw name="Input Text" owner="SeleniumLibrary">
<msg time="2025-03-22T00:32:47.359561" level="INFO">Typing text 'standard_user' into text field 'user-name'.</msg>
<arg>user-name</arg>
<arg>${username}</arg>
<doc>Types the given ``text`` into the text field identified by ``locator``.</doc>
<status status="PASS" start="2025-03-22T00:32:47.359561" elapsed="0.161188"/>
</kw>
<kw name="Input Password" owner="SeleniumLibrary">
<msg time="2025-03-22T00:32:47.520749" level="INFO">Typing password into text field 'password'.</msg>
<msg time="2025-03-22T00:32:47.563341" level="INFO">Temporally setting log level to: NONE</msg>
<arg>password</arg>
<arg>${password}</arg>
<doc>Types the given password into the text field identified by ``locator``.</doc>
<status status="PASS" start="2025-03-22T00:32:47.520749" elapsed="0.098280"/>
</kw>
<arg>${valid-username}</arg>
<arg>${valid-password}</arg>
<status status="PASS" start="2025-03-22T00:32:47.342154" elapsed="0.276875"/>
</kw>
<kw name="Click Login Button" owner="Generic">
<kw name="Click Button" owner="SeleniumLibrary">
<msg time="2025-03-22T00:32:47.619029" level="INFO">Clicking button 'login-button'.</msg>
<arg>login-button</arg>
<doc>Clicks the button identified by ``locator``.</doc>
<status status="PASS" start="2025-03-22T00:32:47.619029" elapsed="0.121890"/>
</kw>
<status status="PASS" start="2025-03-22T00:32:47.619029" elapsed="0.121890"/>
</kw>
<kw name="Verify login is successful by switching to the home page" owner="LandingPage">
<kw name="Element Text Should Be" owner="SeleniumLibrary">
<msg time="2025-03-22T00:32:47.740919" level="INFO">Verifying element 'css:.title' contains exact text 'Products'.</msg>
<arg>css:.title</arg>
<arg>Products</arg>
<doc>Verifies that element ``locator`` contains exact the text ``expected``.</doc>
<status status="PASS" start="2025-03-22T00:32:47.740919" elapsed="0.023637"/>
</kw>
<status status="PASS" start="2025-03-22T00:32:47.740919" elapsed="0.023637"/>
</kw>
<kw name="Logout" owner="Generic">
<kw name="Click Button" owner="SeleniumLibrary">
<msg time="2025-03-22T00:32:47.764556" level="INFO">Clicking button 'id=react-burger-menu-btn'.</msg>
<arg>id=react-burger-menu-btn</arg>
<doc>Clicks the button identified by ``locator``.</doc>
<status status="PASS" start="2025-03-22T00:32:47.764556" elapsed="0.181086"/>
</kw>
<kw name="Wait Until Element Is Visible" owner="SeleniumLibrary">
<arg>id=logout_sidebar_link</arg>
<arg>timeout=5s</arg>
<doc>Waits until the element ``locator`` is visible.</doc>
<status status="PASS" start="2025-03-22T00:32:47.945642" elapsed="0.073797"/>
</kw>
<kw name="Click Element" owner="SeleniumLibrary">
<msg time="2025-03-22T00:32:48.020443" level="INFO">Clicking element 'id=logout_sidebar_link'.</msg>
<arg>id=logout_sidebar_link</arg>
<doc>Click the element identified by ``locator``.</doc>
<status status="PASS" start="2025-03-22T00:32:48.020443" elapsed="0.095148"/>
</kw>
<kw name="Wait Until Page Contains Element" owner="SeleniumLibrary">
<arg>id=login-button</arg>
<arg>timeout=5s</arg>
<doc>Waits until the element ``locator`` appears on the current page.</doc>
<status status="PASS" start="2025-03-22T00:32:48.115591" elapsed="0.017480"/>
</kw>
<status status="PASS" start="2025-03-22T00:32:47.764556" elapsed="0.368515"/>
</kw>
<status status="PASS" start="2025-03-22T00:32:47.342154" elapsed="0.790917"/>
</kw>
<kw name="Close Browser" owner="SeleniumLibrary" type="TEARDOWN">
<doc>Closes the current browser.</doc>
<status status="PASS" start="2025-03-22T00:32:48.133071" elapsed="2.212360"/>
</kw>
<status status="PASS" start="2025-03-22T00:32:44.937298" elapsed="5.408133"/>
</test>
<status status="PASS" start="2025-03-22T00:32:21.250282" elapsed="29.095149"/>
</suite>
<status status="PASS" start="2025-03-22T00:32:21.250282" elapsed="29.095149"/>
</suite>
<status status="PASS" start="2025-03-22T00:32:21.230107" elapsed="29.124339"/>
</suite>
<statistics>
<total>
<stat pass="5" fail="0" skip="0">All Tests</stat>
</total>
<tag>
</tag>
<suite>
<stat pass="5" fail="0" skip="0" id="s1" name="SauceDemoRobotFramework">SauceDemoRobotFramework</stat>
<stat pass="5" fail="0" skip="0" id="s1-s1" name="Tests">SauceDemoRobotFramework.Tests</stat>
<stat pass="5" fail="0" skip="0" id="s1-s1-s1" name="SuccessfullLogin">SauceDemoRobotFramework.Tests.SuccessfullLogin</stat>
</suite>
</statistics>
<errors>
</errors>
</robot>
